<?xml version="1.0" encoding="UTF-8"?>
<!-- Generated by org.testng.reporters.JUnitReportReporter -->
<testsuite hostname="DESKTOP-726FUS1" failures="0" tests="1" name="test.com.EmptyCartCheckout" time="61.630" errors="0" timestamp="18 Jan 2024 18:10:50 GMT">
  <testcase classname="test.com.EmptyCartCheckout" name="testCart" time="61.630"/>
</testsuite> <!-- test.com.EmptyCartCheckout -->
