<?xml version="1.0" encoding="UTF-8"?>
<!-- Generated by org.testng.reporters.JUnitReportReporter -->
<testsuite hostname="DESKTOP-37HMM6Q" failures="0" tests="1" name="test.com.TestCase1" time="15.323" errors="0" timestamp="16 Jan 2024 17:21:02 GMT">
  <testcase classname="test.com.TestCase1" name="testGroceryPage" time="15.323"/>
</testsuite> <!-- test.com.TestCase1 -->
