<?xml version="1.0" encoding="UTF-8"?>
<!-- Generated by org.testng.reporters.JUnitReportReporter -->
<testsuite hostname="LAPTOP-U50S12S3" failures="0" tests="1" name="AddtolistTest" time="27.887" errors="0" timestamp="24 Jan 2024 20:12:32 GMT">
  <testcase classname="AddtolistTest" name="testList" time="27.887"/>
</testsuite> <!-- AddtolistTest -->
